
Cadence Innovus(TM) Implementation System.
Copyright 2016 Cadence Design Systems, Inc. All rights reserved worldwide.

Version:	v16.26-s040_1, built Wed Mar 14 00:26:06 PDT 2018
Options:	-execute setLimitedAccessFeature legacy_fects 1 -execute win -init /cad/cadence/digital_ic_design/innovus/etc/innovus/enc.tcl 
Date:		Sat Oct 16 20:56:37 2021
Host:		hertz1 (x86_64 w/Linux 4.9.0-4-amd64) (1core*30cpus*Intel(R) Xeon(R) CPU E5-2650 v4 @ 2.20GHz 30720KB)
OS:		Unsupported OS as /etc does not have release info

License:
		invs	Innovus Implementation System	16.2	checkout succeeded
		8 CPU jobs allowed with the current license(s). Use setMultiCpuUsage to set your required CPU count.
Sourcing startup file /cad/cadence/digital_ic_design/innovus/etc/innovus/enc.tcl
<CMD> setLayerPreference rve_0 -color green -isVisible 1 -isSelectable 1 -lineWidth 5 -stipple none
<CMD> setLayerPreference rve_1 -color darkblue -isVisible 1 -isSelectable 1 -lineWidth 5 -stipple none
<CMD> setLayerPreference rve_2 -color slateblue -isVisible 1 -isSelectable 1 -lineWidth 5 -stipple none
<CMD> setLayerPreference rve_3 -color turquoise -isVisible 1 -isSelectable 1 -lineWidth 5 -stipple none
<CMD> setLayerPreference rve_4 -color lightgray -isVisible 1 -isSelectable 1 -lineWidth 5 -stipple none
<CMD> setLayerPreference rve_5 -color wheat -isVisible 1 -isSelectable 1 -lineWidth 5 -stipple none
<CMD> setLayerPreference rve_6 -color goldenrod -isVisible 1 -isSelectable 1 -lineWidth 5 -stipple none
<CMD> setLayerPreference rve_7 -color yellow -isVisible 1 -isSelectable 1 -lineWidth 5 -stipple none
<CMD> setLayerPreference rve_8 -color sandybrown -isVisible 1 -isSelectable 1 -lineWidth 5 -stipple none
<CMD> setLayerPreference rve_9 -color coral -isVisible 1 -isSelectable 1 -lineWidth 5 -stipple none
<CMD> setLayerPreference rve_10 -color red -isVisible 1 -isSelectable 1 -lineWidth 5 -stipple none
<CMD> setLayerPreference rve_11 -color tomato -isVisible 1 -isSelectable 1 -lineWidth 5 -stipple none
<CMD> setLayerPreference rve_12 -color firebrick -isVisible 1 -isSelectable 1 -lineWidth 5 -stipple none
<CMD> setLayerPreference rve_13 -color purple -isVisible 1 -isSelectable 1 -lineWidth 5 -stipple none
<CMD> setLayerPreference rve_14 -color violet -isVisible 1 -isSelectable 1 -lineWidth 5 -stipple none
<CMD> setLayerPreference rve_15 -color tan -isVisible 1 -isSelectable 1 -lineWidth 5 -stipple none
<CMD> ::getVersion

**INFO:  MMMC transition support version v31-84 

<CMD> set_global _enable_mmmc_by_default_flow      $CTE::mmmc_default
<CMD> suppressMessage ENCEXT-2799
<CMD> getDrawView
<CMD> loadWorkspace -name Physical
Executing cmd 'win' ...
<CMD> win
Sourcing file "/cad/cadence/digital_ic_design/innovus/etc/innovus/enc.tcl" ...
<CMD> set init_gnd_net VSS
<CMD> set init_lef_file ../LEF_file/trial_gcd.lef
<CMD> set init_design_settop 0
<CMD> set init_verilog typical/counter_netlist.v
<CMD> set init_mmmc_file Default.view
<CMD> set init_pwr_net VDD
<CMD> init_design
#- Begin Load MMMC data ... (date=10/16 21:40:45, mem=521.3M)
#- End Load MMMC data ... (date=10/16 21:40:45, total cpu=0:00:00.0, real=0:00:00.0, peak res=66.3M, current mem=521.3M)
Default_rc_corner

Loading LEF file ../LEF_file/trial_gcd.lef ...
**WARN: (IMPLF-108):	There is no overlap layer defined in any LEF file
so you are unable to create rectilinear partition in a hierarchical flow.
Set DBUPerIGU to M2 pitch 400.
**WARN: (IMPLF-200):	Pin 'A' in macro 'ANTR' has no ANTENNAGATEAREA value defined. The library data is incomplete and some process antenna rules will not be checked correctly.
Type 'man IMPLF-200' for more detail.

viaInitial starts at Sat Oct 16 21:40:46 2021
viaInitial ends at Sat Oct 16 21:40:46 2021
Loading view definition file from Default.view
Reading max_timing_library timing library '/afs/iitd.ac.in/user/e/ee/een212020/Physical/timing_lib/uk65lscllmvbbr_090c125_wc_ccs.lib' ...
**WARN: (TECHLIB-436):	Attribute 'max_fanout' on 'output/inout' pin 'CO' of cell 'AD42M2RA' is not defined in the library. (File /afs/iitd.ac.in/user/e/ee/een212020/Physical/timing_lib/uk65lscllmvbbr_090c125_wc_ccs.lib)
**WARN: (TECHLIB-436):	Attribute 'max_fanout' on 'output/inout' pin 'ICO' of cell 'AD42M2RA' is not defined in the library. (File /afs/iitd.ac.in/user/e/ee/een212020/Physical/timing_lib/uk65lscllmvbbr_090c125_wc_ccs.lib)
**WARN: (TECHLIB-1365):	The ccsn_last_stage output_voltage_rise vector group for total_output_net_capacitance (0.017974) and input_net_transition (0.001702)  has a duplicate definition (line '292888') on pin 'S' and cell 'AD42M2RA'. The duplicate definition will be ignored. (File /afs/iitd.ac.in/user/e/ee/een212020/Physical/timing_lib/uk65lscllmvbbr_090c125_wc_ccs.lib, Line 292879)
**WARN: (TECHLIB-1365):	The ccsn_last_stage output_voltage_rise vector group for total_output_net_capacitance (0.017974) and input_net_transition (0.008867)  has a duplicate definition (line '292906') on pin 'S' and cell 'AD42M2RA'. The duplicate definition will be ignored. (File /afs/iitd.ac.in/user/e/ee/een212020/Physical/timing_lib/uk65lscllmvbbr_090c125_wc_ccs.lib, Line 292897)
**WARN: (TECHLIB-1365):	The ccsn_last_stage output_voltage_rise vector group for total_output_net_capacitance (0.181120) and input_net_transition (0.001702)  has a duplicate definition (line '292924') on pin 'S' and cell 'AD42M2RA'. The duplicate definition will be ignored. (File /afs/iitd.ac.in/user/e/ee/een212020/Physical/timing_lib/uk65lscllmvbbr_090c125_wc_ccs.lib, Line 292915)
**WARN: (TECHLIB-1365):	The ccsn_last_stage output_voltage_rise vector group for total_output_net_capacitance (0.181120) and input_net_transition (0.008867)  has a duplicate definition (line '292942') on pin 'S' and cell 'AD42M2RA'. The duplicate definition will be ignored. (File /afs/iitd.ac.in/user/e/ee/een212020/Physical/timing_lib/uk65lscllmvbbr_090c125_wc_ccs.lib, Line 292933)
**WARN: (TECHLIB-1365):	The ccsn_last_stage output_voltage_fall vector group for total_output_net_capacitance (0.017974) and input_net_transition (0.001702)  has a duplicate definition (line '292813') on pin 'S' and cell 'AD42M2RA'. The duplicate definition will be ignored. (File /afs/iitd.ac.in/user/e/ee/een212020/Physical/timing_lib/uk65lscllmvbbr_090c125_wc_ccs.lib, Line 292804)
**WARN: (TECHLIB-1365):	The ccsn_last_stage output_voltage_fall vector group for total_output_net_capacitance (0.017974) and input_net_transition (0.008867)  has a duplicate definition (line '292831') on pin 'S' and cell 'AD42M2RA'. The duplicate definition will be ignored. (File /afs/iitd.ac.in/user/e/ee/een212020/Physical/timing_lib/uk65lscllmvbbr_090c125_wc_ccs.lib, Line 292822)
**WARN: (TECHLIB-1365):	The ccsn_last_stage output_voltage_fall vector group for total_output_net_capacitance (0.181120) and input_net_transition (0.001702)  has a duplicate definition (line '292849') on pin 'S' and cell 'AD42M2RA'. The duplicate definition will be ignored. (File /afs/iitd.ac.in/user/e/ee/een212020/Physical/timing_lib/uk65lscllmvbbr_090c125_wc_ccs.lib, Line 292840)
**WARN: (TECHLIB-1365):	The ccsn_last_stage output_voltage_fall vector group for total_output_net_capacitance (0.181120) and input_net_transition (0.008867)  has a duplicate definition (line '292867') on pin 'S' and cell 'AD42M2RA'. The duplicate definition will be ignored. (File /afs/iitd.ac.in/user/e/ee/een212020/Physical/timing_lib/uk65lscllmvbbr_090c125_wc_ccs.lib, Line 292858)
**WARN: (TECHLIB-1365):	The ccsn_last_stage output_voltage_rise vector group for total_output_net_capacitance (0.017974) and input_net_transition (0.001702)  has a duplicate definition (line '293463') on pin 'S' and cell 'AD42M2RA'. The duplicate definition will be ignored. (File /afs/iitd.ac.in/user/e/ee/een212020/Physical/timing_lib/uk65lscllmvbbr_090c125_wc_ccs.lib, Line 293454)
**WARN: (TECHLIB-1365):	The ccsn_last_stage output_voltage_rise vector group for total_output_net_capacitance (0.017974) and input_net_transition (0.008867)  has a duplicate definition (line '293481') on pin 'S' and cell 'AD42M2RA'. The duplicate definition will be ignored. (File /afs/iitd.ac.in/user/e/ee/een212020/Physical/timing_lib/uk65lscllmvbbr_090c125_wc_ccs.lib, Line 293472)
**WARN: (TECHLIB-1365):	The ccsn_last_stage output_voltage_rise vector group for total_output_net_capacitance (0.181120) and input_net_transition (0.001702)  has a duplicate definition (line '293499') on pin 'S' and cell 'AD42M2RA'. The duplicate definition will be ignored. (File /afs/iitd.ac.in/user/e/ee/een212020/Physical/timing_lib/uk65lscllmvbbr_090c125_wc_ccs.lib, Line 293490)
**WARN: (TECHLIB-1365):	The ccsn_last_stage output_voltage_rise vector group for total_output_net_capacitance (0.181120) and input_net_transition (0.008867)  has a duplicate definition (line '293517') on pin 'S' and cell 'AD42M2RA'. The duplicate definition will be ignored. (File /afs/iitd.ac.in/user/e/ee/een212020/Physical/timing_lib/uk65lscllmvbbr_090c125_wc_ccs.lib, Line 293508)
**WARN: (TECHLIB-1365):	The ccsn_last_stage output_voltage_fall vector group for total_output_net_capacitance (0.017974) and input_net_transition (0.001702)  has a duplicate definition (line '293388') on pin 'S' and cell 'AD42M2RA'. The duplicate definition will be ignored. (File /afs/iitd.ac.in/user/e/ee/een212020/Physical/timing_lib/uk65lscllmvbbr_090c125_wc_ccs.lib, Line 293379)
**WARN: (TECHLIB-1365):	The ccsn_last_stage output_voltage_fall vector group for total_output_net_capacitance (0.017974) and input_net_transition (0.008867)  has a duplicate definition (line '293406') on pin 'S' and cell 'AD42M2RA'. The duplicate definition will be ignored. (File /afs/iitd.ac.in/user/e/ee/een212020/Physical/timing_lib/uk65lscllmvbbr_090c125_wc_ccs.lib, Line 293397)
**WARN: (TECHLIB-1365):	The ccsn_last_stage output_voltage_fall vector group for total_output_net_capacitance (0.181120) and input_net_transition (0.001702)  has a duplicate definition (line '293424') on pin 'S' and cell 'AD42M2RA'. The duplicate definition will be ignored. (File /afs/iitd.ac.in/user/e/ee/een212020/Physical/timing_lib/uk65lscllmvbbr_090c125_wc_ccs.lib, Line 293415)
**WARN: (TECHLIB-1365):	The ccsn_last_stage output_voltage_fall vector group for total_output_net_capacitance (0.181120) and input_net_transition (0.008867)  has a duplicate definition (line '293442') on pin 'S' and cell 'AD42M2RA'. The duplicate definition will be ignored. (File /afs/iitd.ac.in/user/e/ee/een212020/Physical/timing_lib/uk65lscllmvbbr_090c125_wc_ccs.lib, Line 293433)
**WARN: (TECHLIB-1365):	The ccsn_last_stage output_voltage_rise vector group for total_output_net_capacitance (0.017974) and input_net_transition (0.001702)  has a duplicate definition (line '294038') on pin 'S' and cell 'AD42M2RA'. The duplicate definition will be ignored. (File /afs/iitd.ac.in/user/e/ee/een212020/Physical/timing_lib/uk65lscllmvbbr_090c125_wc_ccs.lib, Line 294029)
**WARN: (TECHLIB-1365):	The ccsn_last_stage output_voltage_rise vector group for total_output_net_capacitance (0.017974) and input_net_transition (0.008867)  has a duplicate definition (line '294056') on pin 'S' and cell 'AD42M2RA'. The duplicate definition will be ignored. (File /afs/iitd.ac.in/user/e/ee/een212020/Physical/timing_lib/uk65lscllmvbbr_090c125_wc_ccs.lib, Line 294047)
**WARN: (TECHLIB-1365):	The ccsn_last_stage output_voltage_rise vector group for total_output_net_capacitance (0.181120) and input_net_transition (0.001702)  has a duplicate definition (line '294074') on pin 'S' and cell 'AD42M2RA'. The duplicate definition will be ignored. (File /afs/iitd.ac.in/user/e/ee/een212020/Physical/timing_lib/uk65lscllmvbbr_090c125_wc_ccs.lib, Line 294065)
**WARN: (TECHLIB-1365):	The ccsn_last_stage output_voltage_rise vector group for total_output_net_capacitance (0.181120) and input_net_transition (0.008867)  has a duplicate definition (line '294092') on pin 'S' and cell 'AD42M2RA'. The duplicate definition will be ignored. (File /afs/iitd.ac.in/user/e/ee/een212020/Physical/timing_lib/uk65lscllmvbbr_090c125_wc_ccs.lib, Line 294083)
Message <TECHLIB-1365> has exceeded the message display limit of '20'. Use 'set_message -no_limit -id list_of_msgIDs' to reset the message limit.
**WARN: (TECHLIB-436):	Attribute 'max_fanout' on 'output/inout' pin 'S' of cell 'AD42M2RA' is not defined in the library. (File /afs/iitd.ac.in/user/e/ee/een212020/Physical/timing_lib/uk65lscllmvbbr_090c125_wc_ccs.lib)
**WARN: (TECHLIB-436):	Attribute 'max_fanout' on 'output/inout' pin 'CO' of cell 'AD42M4RA' is not defined in the library. (File /afs/iitd.ac.in/user/e/ee/een212020/Physical/timing_lib/uk65lscllmvbbr_090c125_wc_ccs.lib)
**WARN: (TECHLIB-436):	Attribute 'max_fanout' on 'output/inout' pin 'ICO' of cell 'AD42M4RA' is not defined in the library. (File /afs/iitd.ac.in/user/e/ee/een212020/Physical/timing_lib/uk65lscllmvbbr_090c125_wc_ccs.lib)
**WARN: (TECHLIB-436):	Attribute 'max_fanout' on 'output/inout' pin 'S' of cell 'AD42M4RA' is not defined in the library. (File /afs/iitd.ac.in/user/e/ee/een212020/Physical/timing_lib/uk65lscllmvbbr_090c125_wc_ccs.lib)
**WARN: (TECHLIB-436):	Attribute 'max_fanout' on 'output/inout' pin 'CO0' of cell 'ADCSCM2R' is not defined in the library. (File /afs/iitd.ac.in/user/e/ee/een212020/Physical/timing_lib/uk65lscllmvbbr_090c125_wc_ccs.lib)
**WARN: (TECHLIB-436):	Attribute 'max_fanout' on 'output/inout' pin 'CO1' of cell 'ADCSCM2R' is not defined in the library. (File /afs/iitd.ac.in/user/e/ee/een212020/Physical/timing_lib/uk65lscllmvbbr_090c125_wc_ccs.lib)
**WARN: (TECHLIB-436):	Attribute 'max_fanout' on 'output/inout' pin 'CO0' of cell 'ADCSCM4R' is not defined in the library. (File /afs/iitd.ac.in/user/e/ee/een212020/Physical/timing_lib/uk65lscllmvbbr_090c125_wc_ccs.lib)
**WARN: (TECHLIB-436):	Attribute 'max_fanout' on 'output/inout' pin 'CO1' of cell 'ADCSCM4R' is not defined in the library. (File /afs/iitd.ac.in/user/e/ee/een212020/Physical/timing_lib/uk65lscllmvbbr_090c125_wc_ccs.lib)
**WARN: (TECHLIB-436):	Attribute 'max_fanout' on 'output/inout' pin 'CO0B' of cell 'ADCSIOM2R' is not defined in the library. (File /afs/iitd.ac.in/user/e/ee/een212020/Physical/timing_lib/uk65lscllmvbbr_090c125_wc_ccs.lib)
**WARN: (TECHLIB-436):	Attribute 'max_fanout' on 'output/inout' pin 'CO1B' of cell 'ADCSIOM2R' is not defined in the library. (File /afs/iitd.ac.in/user/e/ee/een212020/Physical/timing_lib/uk65lscllmvbbr_090c125_wc_ccs.lib)
**WARN: (TECHLIB-436):	Attribute 'max_fanout' on 'output/inout' pin 'CO0B' of cell 'ADCSIOM4R' is not defined in the library. (File /afs/iitd.ac.in/user/e/ee/een212020/Physical/timing_lib/uk65lscllmvbbr_090c125_wc_ccs.lib)
**WARN: (TECHLIB-436):	Attribute 'max_fanout' on 'output/inout' pin 'CO1B' of cell 'ADCSIOM4R' is not defined in the library. (File /afs/iitd.ac.in/user/e/ee/een212020/Physical/timing_lib/uk65lscllmvbbr_090c125_wc_ccs.lib)
**WARN: (TECHLIB-436):	Attribute 'max_fanout' on 'output/inout' pin 'CO0B' of cell 'ADCSOM2R' is not defined in the library. (File /afs/iitd.ac.in/user/e/ee/een212020/Physical/timing_lib/uk65lscllmvbbr_090c125_wc_ccs.lib)
**WARN: (TECHLIB-436):	Attribute 'max_fanout' on 'output/inout' pin 'CO1B' of cell 'ADCSOM2R' is not defined in the library. (File /afs/iitd.ac.in/user/e/ee/een212020/Physical/timing_lib/uk65lscllmvbbr_090c125_wc_ccs.lib)
**WARN: (TECHLIB-436):	Attribute 'max_fanout' on 'output/inout' pin 'CO0B' of cell 'ADCSOM4R' is not defined in the library. (File /afs/iitd.ac.in/user/e/ee/een212020/Physical/timing_lib/uk65lscllmvbbr_090c125_wc_ccs.lib)
**WARN: (TECHLIB-436):	Attribute 'max_fanout' on 'output/inout' pin 'CO1B' of cell 'ADCSOM4R' is not defined in the library. (File /afs/iitd.ac.in/user/e/ee/een212020/Physical/timing_lib/uk65lscllmvbbr_090c125_wc_ccs.lib)
**WARN: (TECHLIB-436):	Attribute 'max_fanout' on 'output/inout' pin 'CO' of cell 'ADFCGCM2RA' is not defined in the library. (File /afs/iitd.ac.in/user/e/ee/een212020/Physical/timing_lib/uk65lscllmvbbr_090c125_wc_ccs.lib)
**WARN: (TECHLIB-436):	Attribute 'max_fanout' on 'output/inout' pin 'CO' of cell 'ADFCGCM4RA' is not defined in the library. (File /afs/iitd.ac.in/user/e/ee/een212020/Physical/timing_lib/uk65lscllmvbbr_090c125_wc_ccs.lib)
Message <TECHLIB-436> has exceeded the message display limit of '20'. Use 'set_message -no_limit -id list_of_msgIDs' to reset the message limit.
**WARN: (TECHLIB-302):	No function defined for cell 'FILEP8R'. The cell will only be used for analysis. (File /afs/iitd.ac.in/user/e/ee/een212020/Physical/timing_lib/uk65lscllmvbbr_090c125_wc_ccs.lib)
**WARN: (TECHLIB-302):	No function defined for cell 'FILEP64R'. The cell will only be used for analysis. (File /afs/iitd.ac.in/user/e/ee/een212020/Physical/timing_lib/uk65lscllmvbbr_090c125_wc_ccs.lib)
**WARN: (TECHLIB-302):	No function defined for cell 'FILEP32R'. The cell will only be used for analysis. (File /afs/iitd.ac.in/user/e/ee/een212020/Physical/timing_lib/uk65lscllmvbbr_090c125_wc_ccs.lib)
**WARN: (TECHLIB-302):	No function defined for cell 'FILEP16R'. The cell will only be used for analysis. (File /afs/iitd.ac.in/user/e/ee/een212020/Physical/timing_lib/uk65lscllmvbbr_090c125_wc_ccs.lib)
**WARN: (TECHLIB-302):	No function defined for cell 'FILE8R'. The cell will only be used for analysis. (File /afs/iitd.ac.in/user/e/ee/een212020/Physical/timing_lib/uk65lscllmvbbr_090c125_wc_ccs.lib)
**WARN: (TECHLIB-302):	No function defined for cell 'FILE6R'. The cell will only be used for analysis. (File /afs/iitd.ac.in/user/e/ee/een212020/Physical/timing_lib/uk65lscllmvbbr_090c125_wc_ccs.lib)
**WARN: (TECHLIB-302):	No function defined for cell 'FILE64R'. The cell will only be used for analysis. (File /afs/iitd.ac.in/user/e/ee/een212020/Physical/timing_lib/uk65lscllmvbbr_090c125_wc_ccs.lib)
**WARN: (TECHLIB-302):	No function defined for cell 'FILE4R'. The cell will only be used for analysis. (File /afs/iitd.ac.in/user/e/ee/een212020/Physical/timing_lib/uk65lscllmvbbr_090c125_wc_ccs.lib)
**WARN: (TECHLIB-302):	No function defined for cell 'FILE3R'. The cell will only be used for analysis. (File /afs/iitd.ac.in/user/e/ee/een212020/Physical/timing_lib/uk65lscllmvbbr_090c125_wc_ccs.lib)
**WARN: (TECHLIB-302):	No function defined for cell 'FILE32R'. The cell will only be used for analysis. (File /afs/iitd.ac.in/user/e/ee/een212020/Physical/timing_lib/uk65lscllmvbbr_090c125_wc_ccs.lib)
**WARN: (TECHLIB-302):	No function defined for cell 'FILE16R'. The cell will only be used for analysis. (File /afs/iitd.ac.in/user/e/ee/een212020/Physical/timing_lib/uk65lscllmvbbr_090c125_wc_ccs.lib)
**WARN: (TECHLIB-302):	No function defined for cell 'ANTR'. The cell will only be used for analysis. (File /afs/iitd.ac.in/user/e/ee/een212020/Physical/timing_lib/uk65lscllmvbbr_090c125_wc_ccs.lib)
Read 1077 cells in library 'uk65lscllmvbbr_090c125_wc' 
Reading min_timing_library timing library '/afs/iitd.ac.in/user/e/ee/een212020/Physical/timing_lib/uk65lscllmvbbr_110c-40_bc_ccs.lib' ...
**WARN: (TECHLIB-302):	No function defined for cell 'FILEP8R'. The cell will only be used for analysis. (File /afs/iitd.ac.in/user/e/ee/een212020/Physical/timing_lib/uk65lscllmvbbr_110c-40_bc_ccs.lib)
**WARN: (TECHLIB-302):	No function defined for cell 'FILEP64R'. The cell will only be used for analysis. (File /afs/iitd.ac.in/user/e/ee/een212020/Physical/timing_lib/uk65lscllmvbbr_110c-40_bc_ccs.lib)
**WARN: (TECHLIB-302):	No function defined for cell 'FILEP32R'. The cell will only be used for analysis. (File /afs/iitd.ac.in/user/e/ee/een212020/Physical/timing_lib/uk65lscllmvbbr_110c-40_bc_ccs.lib)
**WARN: (TECHLIB-302):	No function defined for cell 'FILEP16R'. The cell will only be used for analysis. (File /afs/iitd.ac.in/user/e/ee/een212020/Physical/timing_lib/uk65lscllmvbbr_110c-40_bc_ccs.lib)
**WARN: (TECHLIB-302):	No function defined for cell 'FILE8R'. The cell will only be used for analysis. (File /afs/iitd.ac.in/user/e/ee/een212020/Physical/timing_lib/uk65lscllmvbbr_110c-40_bc_ccs.lib)
**WARN: (TECHLIB-302):	No function defined for cell 'FILE6R'. The cell will only be used for analysis. (File /afs/iitd.ac.in/user/e/ee/een212020/Physical/timing_lib/uk65lscllmvbbr_110c-40_bc_ccs.lib)
**WARN: (TECHLIB-302):	No function defined for cell 'FILE64R'. The cell will only be used for analysis. (File /afs/iitd.ac.in/user/e/ee/een212020/Physical/timing_lib/uk65lscllmvbbr_110c-40_bc_ccs.lib)
**WARN: (TECHLIB-302):	No function defined for cell 'FILE4R'. The cell will only be used for analysis. (File /afs/iitd.ac.in/user/e/ee/een212020/Physical/timing_lib/uk65lscllmvbbr_110c-40_bc_ccs.lib)
Message <TECHLIB-302> has exceeded the message display limit of '20'. Use 'set_message -no_limit -id list_of_msgIDs' to reset the message limit.
Read 1077 cells in library 'uk65lscllmvbbr_110c-40_bc' 
*** End library_loading (cpu=0.84min, real=0.97min, mem=426.5M, fe_cpu=5.03min, fe_real=45.12min, fe_mem=961.0M) ***
#- Begin Load netlist data ... (date=10/16 21:41:44, mem=961.0M)
*** Begin netlist parsing (mem=961.0M) ***
**WARN: (IMPVL-159):	Pin 'VDD' of cell 'XOR4M8RA' is defined in LEF but not in the timing library.
**WARN: (IMPVL-159):	Pin 'VSS' of cell 'XOR4M8RA' is defined in LEF but not in the timing library.
**WARN: (IMPVL-159):	Pin 'VDD' of cell 'XOR4M4RA' is defined in LEF but not in the timing library.
**WARN: (IMPVL-159):	Pin 'VSS' of cell 'XOR4M4RA' is defined in LEF but not in the timing library.
**WARN: (IMPVL-159):	Pin 'VDD' of cell 'XOR4M2RA' is defined in LEF but not in the timing library.
**WARN: (IMPVL-159):	Pin 'VSS' of cell 'XOR4M2RA' is defined in LEF but not in the timing library.
**WARN: (IMPVL-159):	Pin 'VDD' of cell 'XOR4M1RA' is defined in LEF but not in the timing library.
**WARN: (IMPVL-159):	Pin 'VSS' of cell 'XOR4M1RA' is defined in LEF but not in the timing library.
**WARN: (IMPVL-159):	Pin 'VDD' of cell 'XOR3M8RA' is defined in LEF but not in the timing library.
**WARN: (IMPVL-159):	Pin 'VSS' of cell 'XOR3M8RA' is defined in LEF but not in the timing library.
**WARN: (IMPVL-159):	Pin 'VDD' of cell 'XOR3M6RA' is defined in LEF but not in the timing library.
**WARN: (IMPVL-159):	Pin 'VSS' of cell 'XOR3M6RA' is defined in LEF but not in the timing library.
**WARN: (IMPVL-159):	Pin 'VDD' of cell 'XOR3M4RA' is defined in LEF but not in the timing library.
**WARN: (IMPVL-159):	Pin 'VSS' of cell 'XOR3M4RA' is defined in LEF but not in the timing library.
**WARN: (IMPVL-159):	Pin 'VDD' of cell 'XOR3M2RA' is defined in LEF but not in the timing library.
**WARN: (IMPVL-159):	Pin 'VSS' of cell 'XOR3M2RA' is defined in LEF but not in the timing library.
**WARN: (IMPVL-159):	Pin 'VDD' of cell 'XOR3M1RA' is defined in LEF but not in the timing library.
**WARN: (IMPVL-159):	Pin 'VSS' of cell 'XOR3M1RA' is defined in LEF but not in the timing library.
**WARN: (IMPVL-159):	Pin 'VDD' of cell 'XOR3M0RA' is defined in LEF but not in the timing library.
**WARN: (IMPVL-159):	Pin 'VSS' of cell 'XOR3M0RA' is defined in LEF but not in the timing library.
**WARN: (EMS-27):	Message (IMPVL-159) has exceeded the current message display limit of 20.
To increase the message display limit, refer to the product command reference manual.
Created 1077 new cells from 2 timing libraries.
Reading netlist ...
Backslashed names will retain backslash and a trailing blank character.
Reading verilog netlist 'typical/counter_netlist.v'

*** Memory Usage v#1 (Current mem = 961.020M, initial mem = 176.438M) ***
*** End netlist parsing (cpu=0:00:00.0, real=0:00:00.0, mem=961.0M) ***
#- End Load netlist data ... (date=10/16 21:41:44, total cpu=0:00:00.1, real=0:00:00.0, peak res=251.6M, current mem=961.0M)
Top level cell is counter.
Hooked 2154 DB cells to tlib cells.
Starting recursive module instantiation check.
No recursion found.
Building hierarchical netlist for Cell counter ...
*** Netlist is unique.
** info: there are 2166 modules.
** info: there are 8 stdCell insts.

*** Memory Usage v#1 (Current mem = 1010.254M, initial mem = 176.438M) ***
Set Default Net Delay as 1000 ps.
Set Default Net Load as 0.5 pF. 
Set Default Input Pin Transition as 0.1 ps.
*Info: initialize multi-corner CTS.
Reading timing constraints file 'typical/counter.sdc' ...
Current (total cpu=0:05:04, real=0:45:09, peak res=648.8M, current mem=1126.6M)
counter
INFO (CTE): Constraints read successfully.
WARNING (CTE-25): Line: 9, 10 of File typical/counter.sdc : Skipped unsupported command: set_units


Ending "Constraint file reading stats" (total cpu=0:00:00.1, real=0:00:00.0, peak res=463.8M, current mem=1136.8M)
Current (total cpu=0:05:04, real=0:45:09, peak res=648.8M, current mem=1136.8M)
Total number of combinational cells: 668
Total number of sequential cells: 394
Total number of tristate cells: 15
Total number of level shifter cells: 0
Total number of power gating cells: 0
Total number of isolation cells: 0
Total number of power switch cells: 0
Total number of pulse generator cells: 0
Total number of always on buffers: 0
Total number of retention cells: 0
List of usable buffers: BUFM10R BUFM12R BUFM14R BUFM16R BUFM18R BUFM22RA BUFM20R BUFM24R BUFM26RA BUFM2R BUFM3R BUFM32RA BUFM40RA BUFM48RA BUFM4R BUFM5R CKBUFM1R BUFM6R BUFM8R CKBUFM12R CKBUFM16R CKBUFM20R CKBUFM22RA CKBUFM24R CKBUFM26RA CKBUFM2R CKBUFM3R CKBUFM32R CKBUFM40R CKBUFM48R CKBUFM4R CKBUFM6R CKBUFM8R
Total number of usable buffers: 33
List of unusable buffers:
Total number of unusable buffers: 0
List of usable inverters: CKINVM1R CKINVM12R CKINVM16R CKINVM20R CKINVM22RA CKINVM24R CKINVM26RA CKINVM2R CKINVM3R CKINVM32R CKINVM40R CKINVM48R CKINVM4R CKINVM6R CKINVM8R INVM1R INVM10R INVM12R INVM14R INVM16R INVM18R INVM20R INVM22RA INVM24R INVM26RA INVM2R INVM3R INVM32R INVM40R INVM48R INVM4R INVM6R INVM5R INVM8R
Total number of usable inverters: 34
List of unusable inverters: REGKM2R REGKM1R REGKM4R INVM0R
Total number of unusable inverters: 4
List of identified usable delay cells: DEL1M1R DEL1M4R DEL2M1R DEL2M4R DEL3M1R DEL3M4R DEL4M1R DEL4M4R
Total number of identified usable delay cells: 8
List of identified unusable delay cells:
Total number of identified unusable delay cells: 0
Extraction setup Started 
Initializing multi-corner RC extraction with 1 active RC Corners ...
Captable file(s) not specified in multi-corner setup. PreRoute extraction will use technology file. For postRoute extraction, default value for effort level would be 'medium' and effort level 'low' would not be allowed.
Importing multi-corner technology file(s) for preRoute extraction...
../qrcTechFile.tch
Completed (cpu: 0:00:05.1 real: 0:00:06.0)
Set Shrink Factor to 1.00000
Summary of Active RC-Corners : 
 
 Analysis View: worst_case
    RC-Corner Name        : Default_rc_corner
    RC-Corner Index       : 0
    RC-Corner Temperature : 25 Celsius
    RC-Corner Cap Table   : ''
    RC-Corner PreRoute Res Factor         : 1
    RC-Corner PreRoute Cap Factor         : 1
    RC-Corner PostRoute Res Factor        : 1 {1 1 1}
    RC-Corner PostRoute Cap Factor        : 1 {1 1 1}
    RC-Corner PostRoute XCap Factor       : 1 {1 1 1}
    RC-Corner PreRoute Clock Res Factor   : 1	[Derived from postRoute_res (effortLevel low)]
    RC-Corner PreRoute Clock Cap Factor   : 1	[Derived from postRoute_cap (effortLevel low)]
    RC-Corner PostRoute Clock Cap Factor  : 1 {1 1 1} 	[Derived from postRoute_cap (effortLevel low)]
    RC-Corner PostRoute Clock Res Factor  : 1 {1 1 1} 	[Derived from postRoute_res (effortLevel low)]
    RC-Corner Technology file: '../qrcTechFile.tch'
 
 Analysis View: best_case
    RC-Corner Name        : Default_rc_corner
    RC-Corner Index       : 0
    RC-Corner Temperature : 25 Celsius
    RC-Corner Cap Table   : ''
    RC-Corner PreRoute Res Factor         : 1
    RC-Corner PreRoute Cap Factor         : 1
    RC-Corner PostRoute Res Factor        : 1 {1 1 1}
    RC-Corner PostRoute Cap Factor        : 1 {1 1 1}
    RC-Corner PostRoute XCap Factor       : 1 {1 1 1}
    RC-Corner PreRoute Clock Res Factor   : 1	[Derived from postRoute_res (effortLevel low)]
    RC-Corner PreRoute Clock Cap Factor   : 1	[Derived from postRoute_cap (effortLevel low)]
    RC-Corner PostRoute Clock Cap Factor  : 1 {1 1 1} 	[Derived from postRoute_cap (effortLevel low)]
    RC-Corner PostRoute Clock Res Factor  : 1 {1 1 1} 	[Derived from postRoute_res (effortLevel low)]
    RC-Corner Technology file: '../qrcTechFile.tch'
Default value for postRoute extraction mode's effortLevel (-effortLevel option of setExtractRCMode) changed to 'medium'.

*** Summary of all messages that are not suppressed in this session:
Severity  ID               Count  Summary                                  
WARNING   IMPLF-200            1  Pin '%s' in macro '%s' has no ANTENNAGAT...
WARNING   IMPLF-108            1  There is no overlap layer defined in any...
WARNING   IMPVL-159         2154  Pin '%s' of cell '%s' is defined in LEF ...
WARNING   TECHLIB-302         20  No function defined for cell '%s'. The c...
WARNING   TECHLIB-436         20  Attribute '%s' on '%s' pin '%s' of cell ...
WARNING   TECHLIB-1365        20  The %s vector group for %s has a duplica...
*** Message Summary: 2216 warning(s), 0 error(s)

<CMD> getIoFlowFlag
<CMD> setIoFlowFlag 0
<CMD> floorPlan -coreMarginsBy die -site CORE -r 1 0.699816 4.5 4.5 4.5 4.5
<CMD> uiSetTool select
<CMD> getIoFlowFlag
<CMD> fit
<CMD> set sprCreateIeRingOffset 1.0
<CMD> set sprCreateIeRingThreshold 1.0
<CMD> set sprCreateIeRingJogDistance 1.0
<CMD> set sprCreateIeRingLayers {}
<CMD> set sprCreateIeRingOffset 1.0
<CMD> set sprCreateIeRingThreshold 1.0
<CMD> set sprCreateIeRingJogDistance 1.0
<CMD> set sprCreateIeRingLayers {}
<CMD> set sprCreateIeStripeWidth 10.0
<CMD> set sprCreateIeStripeThreshold 1.0
<CMD> set sprCreateIeStripeWidth 10.0
<CMD> set sprCreateIeStripeThreshold 1.0
<CMD> set sprCreateIeRingOffset 1.0
<CMD> set sprCreateIeRingThreshold 1.0
<CMD> set sprCreateIeRingJogDistance 1.0
<CMD> set sprCreateIeRingLayers {}
<CMD> set sprCreateIeStripeWidth 10.0
<CMD> set sprCreateIeStripeThreshold 1.0
<CMD> setAddRingMode -ring_target default -extend_over_row 0 -ignore_rows 0 -avoid_short 0 -skip_crossing_trunks none -stacked_via_top_layer AL_RDL -stacked_via_bottom_layer ME1 -via_using_exact_crossover_size 1 -orthogonal_only true -skip_via_on_pin {  standardcell } -skip_via_on_wire_shape {  noshape }
The ring targets are set to core/block ring wires.
addRing command will consider rows while creating rings.
addRing command will disallow rings to go over rows.
addRing command will ignore shorts while creating rings.
<CMD> addRing -nets {VDD VSS} -type core_rings -follow core -layer {top ME7 bottom ME7 left ME8 right ME8} -width {top 0.7 bottom 0.7 left 0.7 right 0.7} -spacing {top 0.985 bottom 0.985 left 0.985 right 0.985} -offset {top 1.8 bottom 1.8 left 1.8 right 1.8} -center 1 -extend_corner {} -threshold 0 -jog_distance 0 -snap_wire_center_to_grid None

Ring generation is complete.
vias are now being generated.
addRing created 8 wires.
ViaGen created 8 vias, deleted 0 via to avoid violation.
+--------+----------------+----------------+
|  Layer |     Created    |     Deleted    |
+--------+----------------+----------------+
|   ME7  |        4       |       NA       |
|   VI7  |        8       |        0       |
|   ME8  |        4       |       NA       |
+--------+----------------+----------------+
<CMD> fit
<CMD> fit
<CMD> fit
<CMD> zoomOut
<CMD> panPage 0 -1
<CMD> panPage 1 0
<CMD> panPage 0 1
<CMD> panPage -1 0
<CMD> panPage 0 -1
<CMD> zoomIn
<CMD> fit
<CMD> set sprCreateIeRingOffset 1.0
<CMD> set sprCreateIeRingThreshold 1.0
<CMD> set sprCreateIeRingJogDistance 1.0
<CMD> set sprCreateIeRingLayers {}
<CMD> set sprCreateIeRingOffset 1.0
<CMD> set sprCreateIeRingThreshold 1.0
<CMD> set sprCreateIeRingJogDistance 1.0
<CMD> set sprCreateIeRingLayers {}
<CMD> set sprCreateIeStripeWidth 10.0
<CMD> set sprCreateIeStripeThreshold 1.0
<CMD> set sprCreateIeStripeWidth 10.0
<CMD> set sprCreateIeStripeThreshold 1.0
<CMD> set sprCreateIeRingOffset 1.0
<CMD> set sprCreateIeRingThreshold 1.0
<CMD> set sprCreateIeRingJogDistance 1.0
<CMD> set sprCreateIeRingLayers {}
<CMD> set sprCreateIeStripeWidth 10.0
<CMD> set sprCreateIeStripeThreshold 1.0
<CMD> setAddStripeMode -ignore_block_check false -break_at none -route_over_rows_only false -rows_without_stripes_only false -extend_to_closest_target none -stop_at_last_wire_for_area false -partial_set_thru_domain false -ignore_nondefault_domains false -trim_antenna_back_to_shape none -spacing_type edge_to_edge -spacing_from_block 0 -stripe_min_length 0 -stacked_via_top_layer AL_RDL -stacked_via_bottom_layer ME1 -via_using_exact_crossover_size false -split_vias false -orthogonal_only true -allow_jog { padcore_ring  block_ring }
addStripe will allow jog to connect padcore ring and block ring.
Stripes will stop at the boundary of the specified area.
When breaking rings, the power planner will consider the existence of blocks.
Stripes will not extend to closest target.
The power planner will set stripe antenna targets to none (no trimming allowed).
Stripes will not be created over regions without power planning wires.
The entire stripe set will break at the domain if one of the nets is not in the domain.
addStripe will break automatically at non-default domains when generating global stripes over the core area or default domain.
AddStripe segment minimum length set to 1
Offset for stripe breaking is set to 0.
<CMD> addStripe -nets {VDD VSS} -layer ME6 -direction vertical -width 0.3 -spacing 0.4 -set_to_set_distance 2.5 -start_from left -start_offset 4 -switch_layer_over_obs false -max_same_layer_jog_length 2 -padcore_ring_top_layer_limit AL_RDL -padcore_ring_bottom_layer_limit ME1 -block_ring_top_layer_limit AL_RDL -block_ring_bottom_layer_limit ME1 -use_wire_group 0 -snap_wire_center_to_grid None -skip_via_on_pin {  standardcell } -skip_via_on_wire_shape {  noshape }

**WARN: (IMPPP-193):	The currently specified  spacing 0.4000 in -spacing option might create min enclosed area violation. The required min enclosed area for layer ME6 is 0.3100. If violation happens, increase the spacing to around 0.6068. The recommended spacing is the square root of min enclosure area.
Starting stripe generation ...
Non-Default Mode Option Settings :
  NONE
Stripe generation is complete.
vias are now being generated.
addStripe created 4 wires.
ViaGen created 8 vias, deleted 0 via to avoid violation.
+--------+----------------+----------------+
|  Layer |     Created    |     Deleted    |
+--------+----------------+----------------+
|   ME6  |        4       |       NA       |
|   VI6  |        8       |        0       |
+--------+----------------+----------------+
<CMD> gui_select -rect {7.336 14.199 13.104 0.383}
<CMD> deleteSelectedFromFPlan
<CMD> setAddStripeMode -ignore_block_check false -break_at none -route_over_rows_only false -rows_without_stripes_only false -extend_to_closest_target none -stop_at_last_wire_for_area false -partial_set_thru_domain false -ignore_nondefault_domains false -trim_antenna_back_to_shape none -spacing_type edge_to_edge -spacing_from_block 0 -stripe_min_length 0 -stacked_via_top_layer AL_RDL -stacked_via_bottom_layer ME1 -via_using_exact_crossover_size false -split_vias false -orthogonal_only true -allow_jog { padcore_ring  block_ring }
addStripe will allow jog to connect padcore ring and block ring.
Stripes will stop at the boundary of the specified area.
When breaking rings, the power planner will consider the existence of blocks.
Stripes will not extend to closest target.
The power planner will set stripe antenna targets to none (no trimming allowed).
Stripes will not be created over regions without power planning wires.
The entire stripe set will break at the domain if one of the nets is not in the domain.
addStripe will break automatically at non-default domains when generating global stripes over the core area or default domain.
AddStripe segment minimum length set to 1
Offset for stripe breaking is set to 0.
<CMD> addStripe -nets {VDD VSS} -layer ME6 -direction vertical -width 0.3 -spacing 0.4 -set_to_set_distance 2.5 -start_from left -start_offset 0.4 -switch_layer_over_obs false -max_same_layer_jog_length 2 -padcore_ring_top_layer_limit AL_RDL -padcore_ring_bottom_layer_limit ME1 -block_ring_top_layer_limit AL_RDL -block_ring_bottom_layer_limit ME1 -use_wire_group 0 -snap_wire_center_to_grid None -skip_via_on_pin {  standardcell } -skip_via_on_wire_shape {  noshape }

**WARN: (IMPPP-193):	The currently specified  spacing 0.4000 in -spacing option might create min enclosed area violation. The required min enclosed area for layer ME6 is 0.3100. If violation happens, increase the spacing to around 0.6068. The recommended spacing is the square root of min enclosure area.
Starting stripe generation ...
Non-Default Mode Option Settings :
  NONE
Stripe generation is complete.
vias are now being generated.
addStripe created 8 wires.
ViaGen created 16 vias, deleted 0 via to avoid violation.
+--------+----------------+----------------+
|  Layer |     Created    |     Deleted    |
+--------+----------------+----------------+
|   ME6  |        8       |       NA       |
|   VI6  |       16       |        0       |
+--------+----------------+----------------+
<CMD> fit
<CMD> saveFPlan counter1.fp
<CMD> globalNetConnect VDD -type pgpin -pin VDD -instanceBaseName *
<CMD> globalNetConnect VSS -type pgpin -pin VSS -instanceBaseName *
<CMD> setSrouteMode -viaConnectToShape { noshape }
<CMD> sroute -connect { corePin } -layerChangeRange { ME1(1) ME8(8) } -blockPinTarget { nearestTarget } -corePinTarget { firstAfterRowEnd } -allowJogging 1 -crossoverViaLayerRange { ME1(1) AL_RDL(9) } -nets { VDD VSS } -allowLayerChange 1 -targetViaLayerRange { ME1(1) AL_RDL(9) }
**WARN: (IMPSR-4058):	Sroute option: blockPinTarget should be used in conjunction with option: -connect blockPin. 
*** Begin SPECIAL ROUTE on Sat Oct 16 22:06:07 2021 ***
SPECIAL ROUTE ran on directory: /afs/iitd.ac.in/user/e/ee/een212020/Physical/Reset
SPECIAL ROUTE ran on machine: hertz1 (Linux 4.9.0-4-amd64 Xeon 2.20Ghz)

Begin option processing ...
srouteConnectPowerBump set to false
routeSelectNet set to "VDD VSS"
routeSpecial set to true
srouteBottomLayerLimit set to 1
srouteBottomTargetLayerLimit set to 1
srouteConnectBlockPin set to false
srouteConnectConverterPin set to false
srouteConnectPadPin set to false
srouteConnectStripe set to false
srouteCrossoverViaBottomLayer set to 1
srouteCrossoverViaTopLayer set to 9
srouteFollowCorePinEnd set to 3
srouteFollowPadPin set to false
srouteJogControl set to "preferWithChanges differentLayer"
srouteNoViaOnWireShape set to "padring ring stripe blockring blockpin coverpin blockwire corewire followpin iowire"
sroutePadPinAllPorts set to true
sroutePreserveExistingRoutes set to true
srouteRoutePowerBarPortOnBothDir set to true
srouteStopBlockPin set to "nearestTarget"
srouteTopLayerLimit set to 8
srouteTopTargetLayerLimit set to 9
End option processing: cpu: 0:00:00, real: 0:00:00, peak: 1987.00 megs.

Reading DB technology information...
Finished reading DB technology information.
Reading floorplan and netlist information...
Finished reading floorplan and netlist information.
**WARN: (IMPSR-4302):	Cap-table is found in the design, so the same information from the technology file will be ignored.
Read in 18 layers, 9 routing layers, 0 overlap layer
Read in 2165 macros, 9 used
Read in 7 components
  7 core components: 7 unplaced, 0 placed, 0 fixed
Read in 5 logical pins
Read in 5 nets
Read in 2 special nets, 2 routed
Read in 14 terminals
2 nets selected.

Begin power routing ...
**WARN: (IMPSR-554):	The specified top target layer is beyond top routing layer. Set top target layer to 8.
CPU time for FollowPin 0 seconds
CPU time for FollowPin 0 seconds
  Number of Core ports routed: 8
  Number of Followpin connections: 4
End power routing: cpu: 0:00:00, real: 0:00:00, peak: 1993.00 megs.



 Begin updating DB with routing results ...
 Updating DB with 0 via definition ...Extracting standard cell pins and blockage ...... 
Pin and blockage extraction finished

sroute created 12 wires.
ViaGen created 56 vias, deleted 0 via to avoid violation.
+--------+----------------+----------------+
|  Layer |     Created    |     Deleted    |
+--------+----------------+----------------+
|   ME1  |       12       |       NA       |
|   VI1  |        8       |        0       |
|   VI2  |        8       |        0       |
|   VI3  |        8       |        0       |
|   VI4  |        8       |        0       |
|   VI5  |        8       |        0       |
|   VI6  |        8       |        0       |
|   VI7  |        8       |        0       |
+--------+----------------+----------------+
<CMD> place_opt_design
No user sequential activity specified, applying default sequential activity of "0.2" for Dynamic Power reporting.
'set_default_switching_activity' finished successfully.
*** Starting GigaPlace ***
**INFO: user set placement options
**INFO: user set opt options
*** Start deleteBufferTree ***
Info: Detect buffers to remove automatically.
Analyzing netlist ...
Updating netlist

*summary: 0 instances (buffers/inverters) removed
*** Finish deleteBufferTree (0:00:00.0) ***
Deleted 0 physical inst  (cell - / prefix -).
No user setting net weight.
Options: timingDriven clkGateAware ignoreScan pinGuide congEffort=auto gpeffort=medium 
Scan chains were not defined.
#std cell=8 (0 fixed + 8 movable) #block=0 (0 floating + 0 preplaced)
#ioInst=0 #net=12 #term=37 #term/net=3.08, #fixedIo=0, #floatIo=0, #fixedPin=0, #floatPin=5
stdCell: 8 single + 0 double + 0 multi
Total standard cell length = 0.0190 (mm), area = 0.0000 (mm^2)
Estimated cell power/ground rail width = 0.338 um
Average module density = 0.688.
Density for the design = 0.688.
       = stdcell_area 95 sites (34 um^2) / alloc_area 138 sites (50 um^2).
Pin Density = 0.2681.
            = total # of pins 37 / total area 138.
=== lastAutoLevel = 3 
=== macro end level: 6 ===
AAE DB initialization (MEM=1304.21 CPU=0:00:00.1 REAL=0:00:00.0) 
Total number of fetched objects 12
End delay calculation. (MEM=1935.69 CPU=0:00:00.0 REAL=0:00:00.0)
Clock gating cells determined by native netlist tracing.
Iteration  1: Total net bbox = 0.000e+00 (0.00e+00 0.00e+00)
              Est.  stn bbox = 0.000e+00 (0.00e+00 0.00e+00)
              cpu = 0:00:00.0 real = 0:00:00.0 mem = 1888.5M
Iteration  2: Total net bbox = 0.000e+00 (0.00e+00 0.00e+00)
              Est.  stn bbox = 0.000e+00 (0.00e+00 0.00e+00)
              cpu = 0:00:00.0 real = 0:00:00.0 mem = 1888.5M
Total number of fetched objects 12
End delay calculation. (MEM=2042.77 CPU=0:00:00.0 REAL=0:00:00.0)
Iteration  3: Total net bbox = 0.000e+00 (0.00e+00 0.00e+00)
              Est.  stn bbox = 0.000e+00 (0.00e+00 0.00e+00)
              cpu = 0:00:03.6 real = 0:00:04.0 mem = 1989.3M
Iteration  4: Total net bbox = 0.000e+00 (0.00e+00 0.00e+00)
              Est.  stn bbox = 0.000e+00 (0.00e+00 0.00e+00)
              cpu = 0:00:00.0 real = 0:00:00.0 mem = 1989.3M
Iteration  5: Total net bbox = 0.000e+00 (0.00e+00 0.00e+00)
              Est.  stn bbox = 0.000e+00 (0.00e+00 0.00e+00)
              cpu = 0:00:00.0 real = 0:00:00.0 mem = 1989.3M
Iteration  6: Total net bbox = 9.700e+01 (5.68e+01 4.02e+01)
              Est.  stn bbox = 1.022e+02 (5.98e+01 4.24e+01)
              cpu = 0:00:03.7 real = 0:00:05.0 mem = 1989.3M
Finished Global Placement (cpu=0:00:03.7, real=0:00:05.0, mem=1989.3M)
Info: 0 clock gating cells identified, 0 (on average) moved
counter
**WARN: (IMPSP-9025):	No scan chain specified/traced.
Type 'man IMPSP-9025' for more detail.
*** Starting refinePlace (0:07:26 mem=1508.8M) ***
Total net bbox length = 9.700e+01 (5.680e+01 4.020e+01) (ext = 7.710e+01)
Move report: Detail placement moves 8 insts, mean move: 2.59 um, max move: 4.80 um
	Max move on inst (g198): (8.80, 6.40) --> (5.80, 8.20)
	Runtime: CPU: 0:00:00.0 REAL: 0:00:00.0 MEM: 1508.8MB
Summary Report:
Instances move: 8 (out of 8 movable)
Instances flipped: 0
Mean displacement: 2.59 um
Max displacement: 4.80 um (Instance: g198) (8.8, 6.4) -> (5.8, 8.2)
	Length: 4 sites, height: 1 rows, site name: CORE, cell type: NR2M2R
Total net bbox length = 1.179e+02 (6.190e+01 5.600e+01) (ext = 6.890e+01)
Runtime: CPU: 0:00:00.0 REAL: 0:00:00.0 MEM: 1508.8MB
*** Finished refinePlace (0:07:26 mem=1508.8M) ***
*** Finished Initial Placement (cpu=0:00:09.9, real=0:00:11.0, mem=1508.8M) ***
Starting congestion repair ...
[NR-eGR] honorMsvRouteConstraint: false
[NR-eGR] honorClockSpecNDR      : 0
[NR-eGR] minRouteLayer          : 2
[NR-eGR] maxRouteLayer          : 127
[NR-eGR] numTracksPerClockWire  : 0
[NR-eGR] Layer1 has no routable track
[NR-eGR] Layer2 has single uniform track structure
[NR-eGR] Layer3 has single uniform track structure
[NR-eGR] Layer4 has single uniform track structure
[NR-eGR] Layer5 has single uniform track structure
[NR-eGR] Layer6 has single uniform track structure
[NR-eGR] Layer7 has single uniform track structure
[NR-eGR] Layer8 has single uniform track structure
[NR-eGR] Layer9 has single uniform track structure
[NR-eGR] numRoutingBlks=0 numInstBlks=0 numPGBlocks=168 numBumpBlks=0 numBoundaryFakeBlks=0
[NR-eGR] numPreroutedNet = 0  numPreroutedWires = 0
[NR-eGR] Read numTotalNets=12  numIgnoredNets=0
[NR-eGR] There are 1 clock nets ( 0 with NDR ).
[NR-eGR] ============ Routing rule table ============
[NR-eGR] Rule id 0. Nets 12 
[NR-eGR] id=0  ndrTrackId=0  ndrViaId=-1  extraSpace=0  numShields=0  maxHorDemand=1  maxVerDemand=1
[NR-eGR] Pitch:  L1=360  L2=400  L3=400  L4=400  L5=800  L6=800  L7=1600  L8=1600  L9=12000
[NR-eGR] ========================================
[NR-eGR] 
[NR-eGR] Layer group 1: route 12 net(s) in layer range [2, 9]
[NR-eGR] earlyGlobalRoute overflow of layer group 1: 0.00% H + 0.00% V. EstWL: 4.680000e+01um
[NR-eGR] 
[NR-eGR] Overflow after earlyGlobalRoute (GR compatible) 0.00% H + 0.00% V
[NR-eGR] Overflow after earlyGlobalRoute 0.00% H + 0.00% V
Local HotSpot Analysis: normalized max congestion hotspot area = 0.00, normalized total congestion hotspot area = 0.00 (area is in unit of 4 std-cell row bins)
Skipped repairing congestion.
[NR-eGR] Layer1(ME1)(F) length: 0.000000e+00um, number of vias: 32
[NR-eGR] Layer2(ME2)(V) length: 2.760000e+01um, number of vias: 40
[NR-eGR] Layer3(ME3)(H) length: 2.460000e+01um, number of vias: 0
[NR-eGR] Layer4(ME4)(V) length: 0.000000e+00um, number of vias: 0
[NR-eGR] Layer5(ME5)(H) length: 0.000000e+00um, number of vias: 0
[NR-eGR] Layer6(ME6)(V) length: 0.000000e+00um, number of vias: 0
[NR-eGR] Layer7(ME7)(H) length: 0.000000e+00um, number of vias: 0
[NR-eGR] Layer8(ME8)(V) length: 0.000000e+00um, number of vias: 0
[NR-eGR] Layer9(AL_RDL)(H) length: 0.000000e+00um, number of vias: 0
[NR-eGR] Total length: 5.220000e+01um, number of vias: 72
End of congRepair (cpu=0:00:00.0, real=0:00:00.0)
**placeDesign ... cpu = 0: 0:10, real = 0: 0:11, mem = 1508.8M **
**WARN: (IMPOPT-576):	5 nets have unplaced terms. 
Type 'man IMPOPT-576' for more detail.
**INFO: setDesignMode -flowEffort standard -> setting 'setOptMode -allEndPoints true' for the duration of this command.
GigaOpt running with 1 threads.
Updating RC grid for preRoute extraction ...
Initializing multi-corner resistance tables ...
**WARN: (IMPOPT-665):	clk : Net has unplaced terms or is connected to uplaced instances in design. 
Type 'man IMPOPT-665' for more detail.
**WARN: (IMPOPT-665):	reset : Net has unplaced terms or is connected to uplaced instances in design. 
Type 'man IMPOPT-665' for more detail.
**WARN: (IMPOPT-665):	Q0 : Net has unplaced terms or is connected to uplaced instances in design. 
Type 'man IMPOPT-665' for more detail.
**WARN: (IMPOPT-665):	Q1 : Net has unplaced terms or is connected to uplaced instances in design. 
Type 'man IMPOPT-665' for more detail.
**WARN: (IMPOPT-665):	Q2 : Net has unplaced terms or is connected to uplaced instances in design. 
Type 'man IMPOPT-665' for more detail.
Setting timing_disable_library_data_to_data_checks to 'true'.
Setting timing_disable_user_data_to_data_checks to 'true'.
**optDesign ... cpu = 0:00:00, real = 0:00:00, mem = 1530.8M, totSessionCpu=0:07:28 **
Added -handlePreroute to trialRouteMode
*** optDesign -preCTS ***
DRC Margin: user margin 0.0; extra margin 0.2
Setup Target Slack: user slack 0; extra slack 0.1
Hold Target Slack: user slack 0
**WARN: (IMPOPT-3195):	Analysis mode has changed.
Type 'man IMPOPT-3195' for more detail.
Multi-VT timing optimization disabled based on library information.
Start to check current routing status for nets...
All nets are already routed correctly.
End to check current routing status for nets (mem=1528.8M)
Extraction called for design 'counter' of instances=8 and nets=14 using extraction engine 'preRoute' .
**WARN: (IMPEXT-3530):	The process node is not set. Use the command setDesignMode -process <process node> prior to extraction for maximum accuracy and optimal automatic threshold setting.
Type 'man IMPEXT-3530' for more detail.
PreRoute RC Extraction called for design counter.
RC Extraction called in multi-corner(1) mode.
RCMode: PreRoute
      RC Corner Indexes            0   
Capacitance Scaling Factor   : 1.00000 
Resistance Scaling Factor    : 1.00000 
Clock Cap. Scaling Factor    : 1.00000 
Clock Res. Scaling Factor    : 1.00000 
Shrink Factor                : 1.00000
PreRoute extraction is honoring NDR/Shielding/ExtraSpace for clock nets.
Using Quantus QRC technology file ...
Updating RC grid for preRoute extraction ...
Initializing multi-corner resistance tables ...
PreRoute RC Extraction DONE (CPU Time: 0:00:00.0  Real Time: 0:00:00.0  MEM: 1524.773M)
#################################################################################
# Design Stage: PreRoute
# Design Name: counter
# Design Mode: 90nm
# Analysis Mode: MMMC Non-OCV 
# Parasitics Mode: No SPEF/RCDB
# Signoff Settings: SI Off 
#################################################################################
AAE_INFO: 1 threads acquired from CTE.
Calculate delays in BcWc mode...
AAE DB initialization (MEM=1590.61 CPU=0:00:00.1 REAL=0:00:00.0) 
Total number of fetched objects 12
End delay calculation. (MEM=2154.79 CPU=0:00:00.0 REAL=0:00:00.0)
*** Done Building Timing Graph (cpu=0:00:04.6 real=0:00:04.0 totSessionCpu=0:07:33 mem=2154.8M)

------------------------------------------------------------
             Initial Summary                             
------------------------------------------------------------

Setup views included:
 worst_case 

+--------------------+---------+
|     Setup mode     |   all   |
+--------------------+---------+
|           WNS (ns):|  4.915  |
|           TNS (ns):|  0.000  |
|    Violating Paths:|    0    |
|          All Paths:|    3    |
+--------------------+---------+

+----------------+-------------------------------+------------------+
|                |              Real             |       Total      |
|    DRVs        +------------------+------------+------------------|
|                |  Nr nets(terms)  | Worst Vio  |  Nr nets(terms)  |
+----------------+------------------+------------+------------------+
|   max_cap      |      0 (0)       |   0.000    |      0 (0)       |
|   max_tran     |      0 (0)       |   0.000    |      0 (0)       |
|   max_fanout   |      0 (0)       |     0      |      0 (0)       |
|   max_length   |      0 (0)       |     0      |      0 (0)       |
+----------------+------------------+------------+------------------+

Density: 68.841%
------------------------------------------------------------
**optDesign ... cpu = 0:00:05, real = 0:00:04, mem = 2100.3M, totSessionCpu=0:07:33 **
** INFO : this run is activating medium effort placeOptDesign flow
*** Starting optimizing excluded clock nets MEM= 2100.3M) ***
*info: No excluded clock nets to be optimized.
*** Finished optimizing excluded clock nets (CPU Time= 0:00:00.0  MEM= 2100.3M) ***
The useful skew maximum allowed delay is: 0.3
Info: 1 clock net  excluded from IPO operation.
*info: There are 23 candidate Buffer cells
*info: There are 20 candidate Inverter cells

Netlist preparation processing... 
Removed 0 instance
*info: Marking 0 isolation instances dont touch
*info: Marking 0 level shifter instances dont touch
Begin: GigaOpt Global Optimization
*info: use new DP (enabled)
Info: 1 clock net  excluded from IPO operation.
*info: 1 clock net excluded
*info: 2 special nets excluded.
*info: 2 no-driver nets excluded.
** GigaOpt Global Opt WNS Slack 0.000  TNS Slack 0.000 
+--------+--------+----------+------------+--------+----------+---------+--------------+
|  WNS   |  TNS   | Density  |    Real    |  Mem   |Worst View|Pathgroup|  End Point   |
+--------+--------+----------+------------+--------+----------+---------+--------------+
|   0.000|   0.000|    68.84%|   0:00:00.0| 2339.3M|worst_case|       NA| NA           |
+--------+--------+----------+------------+--------+----------+---------+--------------+

*** Finish pre-CTS Global Setup Fixing (cpu=0:00:00.0 real=0:00:00.0 mem=2339.3M) ***

*** Finish pre-CTS Setup Fixing (cpu=0:00:00.0 real=0:00:00.0 mem=2339.3M) ***
**** Begin NDR-Layer Usage Statistics ****
0 Ndr or Layer constraints added by optimization 
**** End NDR-Layer Usage Statistics ****
** GigaOpt Global Opt End WNS Slack 0.000  TNS Slack 0.000 
End: GigaOpt Global Optimization

Active setup views:
 worst_case
  Dominating endpoints: 0
  Dominating TNS: -0.000

*** Timing Is met
*** Check timing (0:00:00.0)
Info: 1 clock net  excluded from IPO operation.
setup target slack: 0.1
extra slack: 0.1
std delay: 0.0404
real setup target slack: 0.0404
[NR-eGR] Started earlyGlobalRoute kernel
[NR-eGR] Initial Peak syMemory usage = 2185.0 MB
[NR-eGR] honorMsvRouteConstraint: false
[NR-eGR] honorClockSpecNDR      : 0
[NR-eGR] minRouteLayer          : 2
[NR-eGR] maxRouteLayer          : 127
[NR-eGR] numTracksPerClockWire  : 0
[NR-eGR] Layer1 has no routable track
[NR-eGR] Layer2 has single uniform track structure
[NR-eGR] Layer3 has single uniform track structure
[NR-eGR] Layer4 has single uniform track structure
[NR-eGR] Layer5 has single uniform track structure
[NR-eGR] Layer6 has single uniform track structure
[NR-eGR] Layer7 has single uniform track structure
[NR-eGR] Layer8 has single uniform track structure
[NR-eGR] Layer9 has single uniform track structure
[NR-eGR] numRoutingBlks=0 numInstBlks=0 numPGBlocks=168 numBumpBlks=0 numBoundaryFakeBlks=0
[NR-eGR] numPreroutedNet = 0  numPreroutedWires = 0
[NR-eGR] Read numTotalNets=12  numIgnoredNets=0
[NR-eGR] There are 1 clock nets ( 0 with NDR ).
[NR-eGR] ============ Routing rule table ============
[NR-eGR] Rule id 0. Nets 12 
[NR-eGR] id=0  ndrTrackId=0  ndrViaId=-1  extraSpace=0  numShields=0  maxHorDemand=1  maxVerDemand=1
[NR-eGR] Pitch:  L1=360  L2=400  L3=400  L4=400  L5=800  L6=800  L7=1600  L8=1600  L9=12000
[NR-eGR] ========================================
[NR-eGR] 
[NR-eGR] Layer group 1: route 12 net(s) in layer range [2, 9]
[NR-eGR] earlyGlobalRoute overflow of layer group 1: 0.00% H + 0.00% V. EstWL: 4.680000e+01um
[NR-eGR] 
[NR-eGR] Overflow after earlyGlobalRoute (GR compatible) 0.00% H + 0.00% V
[NR-eGR] Overflow after earlyGlobalRoute 0.00% H + 0.00% V
[NR-eGR] End Peak syMemory usage = 2185.0 MB
[NR-eGR] Early Global Router Kernel+IO runtime : 0.01 seconds
Local HotSpot Analysis: normalized max congestion hotspot area = 0.00, normalized total congestion hotspot area = 0.00 (area is in unit of 4 std-cell row bins)
*** Starting refinePlace (0:07:47 mem=2185.0M) ***
incr SKP is on..., with optDC mode
Move report: Timing Driven Placement moves 8 insts, mean move: 2.60 um, max move: 4.80 um
	Max move on inst (g198): (5.80, 8.20) --> (8.80, 6.40)
	Runtime: CPU: 0:00:00.9 REAL: 0:00:01.0 MEM: 2186.0MB
Move report: Detail placement moves 8 insts, mean move: 2.60 um, max move: 4.80 um
	Max move on inst (g198): (8.80, 6.40) --> (5.80, 8.20)
	Runtime: CPU: 0:00:00.0 REAL: 0:00:00.0 MEM: 2186.0MB
Summary Report:
Instances move: 2 (out of 8 movable)
Instances flipped: 1
Mean displacement: 5.20 um
Max displacement: 5.20 um (Instance: y_reg[1]) (6.6, 8.2) -> (5, 4.6)
	Length: 21 sites, height: 1 rows, site name: CORE, cell type: DFCM2RA
Runtime: CPU: 0:00:00.9 REAL: 0:00:01.0 MEM: 2186.0MB
*** Finished refinePlace (0:07:48 mem=2186.0M) ***
**WARN: (IMPSP-9025):	No scan chain specified/traced.
Type 'man IMPSP-9025' for more detail.
Trial Route Overflow 0(H) 0(V)
Starting congestion repair ...
[NR-eGR] honorMsvRouteConstraint: false
[NR-eGR] honorClockSpecNDR      : 0
[NR-eGR] minRouteLayer          : 2
[NR-eGR] maxRouteLayer          : 127
[NR-eGR] numTracksPerClockWire  : 0
[NR-eGR] Layer1 has no routable track
[NR-eGR] Layer2 has single uniform track structure
[NR-eGR] Layer3 has single uniform track structure
[NR-eGR] Layer4 has single uniform track structure
[NR-eGR] Layer5 has single uniform track structure
[NR-eGR] Layer6 has single uniform track structure
[NR-eGR] Layer7 has single uniform track structure
[NR-eGR] Layer8 has single uniform track structure
[NR-eGR] Layer9 has single uniform track structure
[NR-eGR] numRoutingBlks=0 numInstBlks=0 numPGBlocks=168 numBumpBlks=0 numBoundaryFakeBlks=0
[NR-eGR] numPreroutedNet = 0  numPreroutedWires = 0
[NR-eGR] Read numTotalNets=12  numIgnoredNets=0
[NR-eGR] There are 1 clock nets ( 0 with NDR ).
[NR-eGR] ============ Routing rule table ============
[NR-eGR] Rule id 0. Nets 12 
[NR-eGR] id=0  ndrTrackId=0  ndrViaId=-1  extraSpace=0  numShields=0  maxHorDemand=1  maxVerDemand=1
[NR-eGR] Pitch:  L1=360  L2=400  L3=400  L4=400  L5=800  L6=800  L7=1600  L8=1600  L9=12000
[NR-eGR] ========================================
[NR-eGR] 
[NR-eGR] Layer group 1: route 12 net(s) in layer range [2, 9]
[NR-eGR] earlyGlobalRoute overflow of layer group 1: 0.00% H + 0.00% V. EstWL: 5.040000e+01um
[NR-eGR] 
[NR-eGR] Overflow after earlyGlobalRoute (GR compatible) 0.00% H + 0.00% V
[NR-eGR] Overflow after earlyGlobalRoute 0.00% H + 0.00% V
Local HotSpot Analysis: normalized max congestion hotspot area = 0.00, normalized total congestion hotspot area = 0.00 (area is in unit of 4 std-cell row bins)
Skipped repairing congestion.
[NR-eGR] Layer1(ME1)(F) length: 0.000000e+00um, number of vias: 32
[NR-eGR] Layer2(ME2)(V) length: 2.420000e+01um, number of vias: 37
[NR-eGR] Layer3(ME3)(H) length: 3.000000e+01um, number of vias: 0
[NR-eGR] Layer4(ME4)(V) length: 0.000000e+00um, number of vias: 0
[NR-eGR] Layer5(ME5)(H) length: 0.000000e+00um, number of vias: 0
[NR-eGR] Layer6(ME6)(V) length: 0.000000e+00um, number of vias: 0
[NR-eGR] Layer7(ME7)(H) length: 0.000000e+00um, number of vias: 0
[NR-eGR] Layer8(ME8)(V) length: 0.000000e+00um, number of vias: 0
[NR-eGR] Layer9(AL_RDL)(H) length: 0.000000e+00um, number of vias: 0
[NR-eGR] Total length: 5.420000e+01um, number of vias: 69
End of congRepair (cpu=0:00:00.0, real=0:00:00.0)
Start to check current routing status for nets...
All nets are already routed correctly.
End to check current routing status for nets (mem=2133.7M)
Extraction called for design 'counter' of instances=8 and nets=14 using extraction engine 'preRoute' .
**WARN: (IMPEXT-3530):	The process node is not set. Use the command setDesignMode -process <process node> prior to extraction for maximum accuracy and optimal automatic threshold setting.
Type 'man IMPEXT-3530' for more detail.
PreRoute RC Extraction called for design counter.
RC Extraction called in multi-corner(1) mode.
RCMode: PreRoute
      RC Corner Indexes            0   
Capacitance Scaling Factor   : 1.00000 
Resistance Scaling Factor    : 1.00000 
Clock Cap. Scaling Factor    : 1.00000 
Clock Res. Scaling Factor    : 1.00000 
Shrink Factor                : 1.00000
PreRoute extraction is honoring NDR/Shielding/ExtraSpace for clock nets.
Using Quantus QRC technology file ...
Updating RC grid for preRoute extraction ...
Initializing multi-corner resistance tables ...
PreRoute RC Extraction DONE (CPU Time: 0:00:00.0  Real Time: 0:00:00.0  MEM: 2133.746M)
Compute RC Scale Done ...
**optDesign ... cpu = 0:00:20, real = 0:00:19, mem = 2133.7M, totSessionCpu=0:07:48 **
#################################################################################
# Design Stage: PreRoute
# Design Name: counter
# Design Mode: 90nm
# Analysis Mode: MMMC Non-OCV 
# Parasitics Mode: No SPEF/RCDB
# Signoff Settings: SI Off 
#################################################################################
AAE_INFO: 1 threads acquired from CTE.
Calculate delays in BcWc mode...
Total number of fetched objects 12
End delay calculation. (MEM=2243.68 CPU=0:00:00.0 REAL=0:00:00.0)
*** Timing Is met
*** Check timing (0:00:00.0)
*** Timing Is met
*** Check timing (0:00:00.0)
Info: 1 clock net  excluded from IPO operation.
Begin: Area Reclaim Optimization
Reclaim Optimization WNS Slack 0.000  TNS Slack 0.000 Density 68.84
+----------+---------+--------+--------+------------+--------+
| Density  | Commits |  WNS   |  TNS   |    Real    |  Mem   |
+----------+---------+--------+--------+------------+--------+
|    68.84%|        -|   0.000|   0.000|   0:00:00.0| 2340.0M|
|    68.84%|        0|   0.000|   0.000|   0:00:00.0| 2340.0M|
|    68.84%|        0|   0.000|   0.000|   0:00:00.0| 2340.0M|
|    68.84%|        0|   0.000|   0.000|   0:00:00.0| 2340.0M|
+----------+---------+--------+--------+------------+--------+
Reclaim Optimization End WNS Slack 0.000  TNS Slack 0.000 Density 68.84
**** Begin NDR-Layer Usage Statistics ****
0 Ndr or Layer constraints added by optimization 
**** End NDR-Layer Usage Statistics ****
** Finished Core Area Reclaim Optimization (cpu = 0:00:02.1) (real = 0:00:02.0) **
*** Starting refinePlace (0:07:50 mem=2340.0M) ***
Total net bbox length = 1.189e+02 (6.570e+01 5.320e+01) (ext = 6.770e+01)
Move report: Detail placement moves 0 insts, mean move: 0.00 um, max move: 0.00 um
	Runtime: CPU: 0:00:00.0 REAL: 0:00:00.0 MEM: 2340.0MB
Summary Report:
Instances move: 0 (out of 8 movable)
Instances flipped: 0
Mean displacement: 0.00 um
Max displacement: 0.00 um 
Total net bbox length = 1.189e+02 (6.570e+01 5.320e+01) (ext = 6.770e+01)
Runtime: CPU: 0:00:00.0 REAL: 0:00:00.0 MEM: 2340.0MB
*** Finished refinePlace (0:07:50 mem=2340.0M) ***
*** maximum move = 0.00 um ***
*** Finished re-routing un-routed nets (2340.0M) ***

*** Finish Physical Update (cpu=0:00:00.1 real=0:00:00.0 mem=2340.0M) ***
*** Finished Area Reclaim Optimization (cpu=0:00:02, real=0:00:02, mem=2190.46M, totSessionCpu=0:07:50).
[NR-eGR] honorMsvRouteConstraint: false
[NR-eGR] honorClockSpecNDR      : 0
[NR-eGR] minRouteLayer          : 2
[NR-eGR] maxRouteLayer          : 127
[NR-eGR] numTracksPerClockWire  : 0
[NR-eGR] Layer1 has no routable track
[NR-eGR] Layer2 has single uniform track structure
[NR-eGR] Layer3 has single uniform track structure
[NR-eGR] Layer4 has single uniform track structure
[NR-eGR] Layer5 has single uniform track structure
[NR-eGR] Layer6 has single uniform track structure
[NR-eGR] Layer7 has single uniform track structure
[NR-eGR] Layer8 has single uniform track structure
[NR-eGR] Layer9 has single uniform track structure
[NR-eGR] numRoutingBlks=0 numInstBlks=0 numPGBlocks=168 numBumpBlks=0 numBoundaryFakeBlks=0
[NR-eGR] numPreroutedNet = 0  numPreroutedWires = 0
[NR-eGR] Read numTotalNets=12  numIgnoredNets=0
[NR-eGR] There are 1 clock nets ( 0 with NDR ).
[NR-eGR] ============ Routing rule table ============
[NR-eGR] Rule id 0. Nets 12 
[NR-eGR] id=0  ndrTrackId=0  ndrViaId=-1  extraSpace=0  numShields=0  maxHorDemand=1  maxVerDemand=1
[NR-eGR] Pitch:  L1=360  L2=400  L3=400  L4=400  L5=800  L6=800  L7=1600  L8=1600  L9=12000
[NR-eGR] ========================================
[NR-eGR] 
[NR-eGR] Layer group 1: route 12 net(s) in layer range [2, 9]
[NR-eGR] earlyGlobalRoute overflow of layer group 1: 0.00% H + 0.00% V. EstWL: 5.040000e+01um
[NR-eGR] 
[NR-eGR] Overflow after earlyGlobalRoute (GR compatible) 0.00% H + 0.00% V
[NR-eGR] Overflow after earlyGlobalRoute 0.00% H + 0.00% V
[NR-eGR] Layer1(ME1)(F) length: 0.000000e+00um, number of vias: 32
[NR-eGR] Layer2(ME2)(V) length: 2.420000e+01um, number of vias: 37
[NR-eGR] Layer3(ME3)(H) length: 3.000000e+01um, number of vias: 0
[NR-eGR] Layer4(ME4)(V) length: 0.000000e+00um, number of vias: 0
[NR-eGR] Layer5(ME5)(H) length: 0.000000e+00um, number of vias: 0
[NR-eGR] Layer6(ME6)(V) length: 0.000000e+00um, number of vias: 0
[NR-eGR] Layer7(ME7)(H) length: 0.000000e+00um, number of vias: 0
[NR-eGR] Layer8(ME8)(V) length: 0.000000e+00um, number of vias: 0
[NR-eGR] Layer9(AL_RDL)(H) length: 0.000000e+00um, number of vias: 0
[NR-eGR] Total length: 5.420000e+01um, number of vias: 69
[NR-eGR] End Peak syMemory usage = 2140.8 MB
[NR-eGR] Early Global Router Kernel+IO runtime : 0.03 seconds
Extraction called for design 'counter' of instances=8 and nets=14 using extraction engine 'preRoute' .
**WARN: (IMPEXT-3530):	The process node is not set. Use the command setDesignMode -process <process node> prior to extraction for maximum accuracy and optimal automatic threshold setting.
Type 'man IMPEXT-3530' for more detail.
PreRoute RC Extraction called for design counter.
RC Extraction called in multi-corner(1) mode.
RCMode: PreRoute
      RC Corner Indexes            0   
Capacitance Scaling Factor   : 1.00000 
Resistance Scaling Factor    : 1.00000 
Clock Cap. Scaling Factor    : 1.00000 
Clock Res. Scaling Factor    : 1.00000 
Shrink Factor                : 1.00000
PreRoute extraction is honoring NDR/Shielding/ExtraSpace for clock nets.
Using Quantus QRC technology file ...
Updating RC grid for preRoute extraction ...
Ini